

Started GET "/" for 127.0.0.1 at 2014-09-27 20:53:09 -0300
Processing by Rails::WelcomeController#index as HTML
  Rendered /opt/rubies/2.0.0-p481/lib/ruby/gems/2.0.0/gems/railties-4.1.6/lib/rails/templates/rails/welcome/index.html.erb (1.9ms)
Completed 200 OK in 9ms (Views: 8.9ms | ActiveRecord: 0.0ms)


Started GET "/punto_pagos_rails" for 127.0.0.1 at 2014-09-27 20:53:16 -0300

ActionController::RoutingError (No route matches [GET] ""):
  actionpack (4.1.6) lib/action_dispatch/middleware/debug_exceptions.rb:21:in `call'
  actionpack (4.1.6) lib/action_dispatch/middleware/show_exceptions.rb:30:in `call'
  railties (4.1.6) lib/rails/rack/logger.rb:38:in `call_app'
  railties (4.1.6) lib/rails/rack/logger.rb:20:in `block in call'
  activesupport (4.1.6) lib/active_support/tagged_logging.rb:68:in `block in tagged'
  activesupport (4.1.6) lib/active_support/tagged_logging.rb:26:in `tagged'
  activesupport (4.1.6) lib/active_support/tagged_logging.rb:68:in `tagged'
  railties (4.1.6) lib/rails/rack/logger.rb:20:in `call'
  actionpack (4.1.6) lib/action_dispatch/middleware/request_id.rb:21:in `call'
  rack (1.5.2) lib/rack/methodoverride.rb:21:in `call'
  rack (1.5.2) lib/rack/runtime.rb:17:in `call'
  activesupport (4.1.6) lib/active_support/cache/strategy/local_cache_middleware.rb:26:in `call'
  rack (1.5.2) lib/rack/lock.rb:17:in `call'
  actionpack (4.1.6) lib/action_dispatch/middleware/static.rb:64:in `call'
  rack (1.5.2) lib/rack/sendfile.rb:112:in `call'
  railties (4.1.6) lib/rails/engine.rb:514:in `call'
  railties (4.1.6) lib/rails/application.rb:144:in `call'
  rack (1.5.2) lib/rack/lock.rb:17:in `call'
  rack (1.5.2) lib/rack/content_length.rb:14:in `call'
  rack (1.5.2) lib/rack/handler/webrick.rb:60:in `service'
  /opt/rubies/2.0.0-p481/lib/ruby/2.0.0/webrick/httpserver.rb:138:in `service'
  /opt/rubies/2.0.0-p481/lib/ruby/2.0.0/webrick/httpserver.rb:94:in `run'
  /opt/rubies/2.0.0-p481/lib/ruby/2.0.0/webrick/server.rb:295:in `block in start_thread'


  Rendered /opt/rubies/2.0.0-p481/lib/ruby/gems/2.0.0/gems/actionpack-4.1.6/lib/action_dispatch/middleware/templates/rescues/_trace.html.erb (0.8ms)
  Rendered /opt/rubies/2.0.0-p481/lib/ruby/gems/2.0.0/gems/actionpack-4.1.6/lib/action_dispatch/middleware/templates/routes/_route.html.erb (0.5ms)
  Rendered /opt/rubies/2.0.0-p481/lib/ruby/gems/2.0.0/gems/actionpack-4.1.6/lib/action_dispatch/middleware/templates/routes/_route.html.erb (0.0ms)
  Rendered /opt/rubies/2.0.0-p481/lib/ruby/gems/2.0.0/gems/actionpack-4.1.6/lib/action_dispatch/middleware/templates/routes/_table.html.erb (4.5ms)
  Rendered /opt/rubies/2.0.0-p481/lib/ruby/gems/2.0.0/gems/actionpack-4.1.6/lib/action_dispatch/middleware/templates/rescues/routing_error.html.erb within rescues/layout (20.3ms)


Started GET "/" for 127.0.0.1 at 2014-09-27 20:53:28 -0300
Processing by Rails::WelcomeController#index as HTML
  Rendered /opt/rubies/2.0.0-p481/lib/ruby/gems/2.0.0/gems/railties-4.1.6/lib/rails/templates/rails/welcome/index.html.erb (0.1ms)
Completed 200 OK in 2ms (Views: 1.3ms | ActiveRecord: 0.0ms)
  [1m[36m (1.1ms)[0m  [1mCREATE TABLE "schema_migrations" ("version" varchar(255) NOT NULL) [0m
  [1m[35m (0.1ms)[0m  select sqlite_version(*)
  [1m[36m (0.7ms)[0m  [1mCREATE UNIQUE INDEX "unique_schema_migrations" ON "schema_migrations" ("version")[0m
  [1m[35mActiveRecord::SchemaMigration Load (0.1ms)[0m  SELECT "schema_migrations".* FROM "schema_migrations"
Migrating to CreatePuntoPagosRailsTransactions (20140928003539)
  [1m[36m (0.1ms)[0m  [1mbegin transaction[0m
  [1m[35m (0.3ms)[0m  CREATE TABLE "punto_pagos_rails_transactions" ("id" INTEGER PRIMARY KEY AUTOINCREMENT NOT NULL, "resource_id" integer, "token" varchar(255), "amount" integer, "error" varchar(255), "state" varchar(255), "created_at" datetime, "updated_at" datetime) 
  [1m[36mSQL (0.1ms)[0m  [1mINSERT INTO "schema_migrations" ("version") VALUES (?)[0m  [["version", "20140928003539"]]
  [1m[35m (0.6ms)[0m  commit transaction
  [1m[36mActiveRecord::SchemaMigration Load (0.1ms)[0m  [1mSELECT "schema_migrations".* FROM "schema_migrations"[0m
  [1m[36mPuntoPagosRails::Transaction Load (0.1ms)[0m  [1mSELECT  "punto_pagos_rails_transactions".* FROM "punto_pagos_rails_transactions"   ORDER BY "punto_pagos_rails_transactions"."id" DESC LIMIT 1[0m
  [1m[36mPuntoPagosRails::Transaction Load (0.1ms)[0m  [1mSELECT  "punto_pagos_rails_transactions".* FROM "punto_pagos_rails_transactions"   ORDER BY "punto_pagos_rails_transactions"."id" DESC LIMIT 1[0m
  [1m[35mPuntoPagosRails::Transaction Load (0.2ms)[0m  SELECT  "punto_pagos_rails_transactions".* FROM "punto_pagos_rails_transactions"   ORDER BY "punto_pagos_rails_transactions"."id" DESC LIMIT 1
  [1m[36m (0.9ms)[0m  [1mDROP TABLE "punto_pagos_rails_transactions"[0m
  [1m[35m (0.8ms)[0m  CREATE TABLE "punto_pagos_rails_transactions" ("id" INTEGER PRIMARY KEY AUTOINCREMENT NOT NULL, "resource_id" integer, "token" varchar(255), "amount" integer, "error" varchar(255), "state" varchar(255), "created_at" datetime, "updated_at" datetime) 
  [1m[36m (0.1ms)[0m  [1mSELECT version FROM "schema_migrations"[0m
  [1m[35mActiveRecord::SchemaMigration Load (0.1ms)[0m  SELECT "schema_migrations".* FROM "schema_migrations"


Started GET "/" for 127.0.0.1 at 2014-10-04 22:51:24 -0300

ActiveRecord::PendingMigrationError (

Migrations are pending. To resolve this issue, run:

	bin/rake db:migrate RAILS_ENV=development

):
  activerecord (4.1.6) lib/active_record/migration.rb:389:in `check_pending!'
  activerecord (4.1.6) lib/active_record/migration.rb:377:in `call'
  actionpack (4.1.6) lib/action_dispatch/middleware/callbacks.rb:29:in `block in call'
  activesupport (4.1.6) lib/active_support/callbacks.rb:82:in `run_callbacks'
  actionpack (4.1.6) lib/action_dispatch/middleware/callbacks.rb:27:in `call'
  actionpack (4.1.6) lib/action_dispatch/middleware/reloader.rb:73:in `call'
  actionpack (4.1.6) lib/action_dispatch/middleware/remote_ip.rb:76:in `call'
  actionpack (4.1.6) lib/action_dispatch/middleware/debug_exceptions.rb:17:in `call'
  actionpack (4.1.6) lib/action_dispatch/middleware/show_exceptions.rb:30:in `call'
  railties (4.1.6) lib/rails/rack/logger.rb:38:in `call_app'
  railties (4.1.6) lib/rails/rack/logger.rb:20:in `block in call'
  activesupport (4.1.6) lib/active_support/tagged_logging.rb:68:in `block in tagged'
  activesupport (4.1.6) lib/active_support/tagged_logging.rb:26:in `tagged'
  activesupport (4.1.6) lib/active_support/tagged_logging.rb:68:in `tagged'
  railties (4.1.6) lib/rails/rack/logger.rb:20:in `call'
  actionpack (4.1.6) lib/action_dispatch/middleware/request_id.rb:21:in `call'
  rack (1.5.2) lib/rack/methodoverride.rb:21:in `call'
  rack (1.5.2) lib/rack/runtime.rb:17:in `call'
  activesupport (4.1.6) lib/active_support/cache/strategy/local_cache_middleware.rb:26:in `call'
  rack (1.5.2) lib/rack/lock.rb:17:in `call'
  actionpack (4.1.6) lib/action_dispatch/middleware/static.rb:64:in `call'
  rack (1.5.2) lib/rack/sendfile.rb:112:in `call'
  railties (4.1.6) lib/rails/engine.rb:514:in `call'
  railties (4.1.6) lib/rails/application.rb:144:in `call'
  rack (1.5.2) lib/rack/lock.rb:17:in `call'
  rack (1.5.2) lib/rack/content_length.rb:14:in `call'
  rack (1.5.2) lib/rack/handler/webrick.rb:60:in `service'
  /opt/rubies/2.0.0-p481/lib/ruby/2.0.0/webrick/httpserver.rb:138:in `service'
  /opt/rubies/2.0.0-p481/lib/ruby/2.0.0/webrick/httpserver.rb:94:in `run'
  /opt/rubies/2.0.0-p481/lib/ruby/2.0.0/webrick/server.rb:295:in `block in start_thread'


  Rendered /opt/rubies/2.0.0-p481/lib/ruby/gems/2.0.0/gems/actionpack-4.1.6/lib/action_dispatch/middleware/templates/rescues/_source.erb (0.5ms)
  Rendered /opt/rubies/2.0.0-p481/lib/ruby/gems/2.0.0/gems/actionpack-4.1.6/lib/action_dispatch/middleware/templates/rescues/_trace.html.erb (1.3ms)
  Rendered /opt/rubies/2.0.0-p481/lib/ruby/gems/2.0.0/gems/actionpack-4.1.6/lib/action_dispatch/middleware/templates/rescues/_request_and_response.html.erb (0.9ms)
  Rendered /opt/rubies/2.0.0-p481/lib/ruby/gems/2.0.0/gems/actionpack-4.1.6/lib/action_dispatch/middleware/templates/rescues/diagnostics.erb within rescues/layout (16.3ms)
  [1m[36m (1.8ms)[0m  [1mCREATE TABLE "punto_pagos_rails_transactions" ("id" INTEGER PRIMARY KEY AUTOINCREMENT NOT NULL, "resource_id" integer, "token" varchar(255), "amount" integer, "error" varchar(255), "state" varchar(255), "created_at" datetime, "updated_at" datetime) [0m
  [1m[35m (0.8ms)[0m  CREATE TABLE "schema_migrations" ("version" varchar(255) NOT NULL) 
  [1m[36m (0.1ms)[0m  [1mselect sqlite_version(*)[0m
  [1m[35m (0.7ms)[0m  CREATE UNIQUE INDEX "unique_schema_migrations" ON "schema_migrations" ("version")
  [1m[36m (0.1ms)[0m  [1mSELECT version FROM "schema_migrations"[0m
  [1m[35m (0.7ms)[0m  INSERT INTO "schema_migrations" (version) VALUES ('20140928003539')
  [1m[36mActiveRecord::SchemaMigration Load (0.1ms)[0m  [1mSELECT "schema_migrations".* FROM "schema_migrations"[0m


Started GET "/" for 127.0.0.1 at 2014-10-04 22:51:53 -0300
  [1m[36mActiveRecord::SchemaMigration Load (0.1ms)[0m  [1mSELECT "schema_migrations".* FROM "schema_migrations"[0m

ActiveRecord::PendingMigrationError (

Migrations are pending. To resolve this issue, run:

	bin/rake db:migrate RAILS_ENV=development

):
  activerecord (4.1.6) lib/active_record/migration.rb:389:in `check_pending!'
  activerecord (4.1.6) lib/active_record/migration.rb:377:in `call'
  actionpack (4.1.6) lib/action_dispatch/middleware/callbacks.rb:29:in `block in call'
  activesupport (4.1.6) lib/active_support/callbacks.rb:82:in `run_callbacks'
  actionpack (4.1.6) lib/action_dispatch/middleware/callbacks.rb:27:in `call'
  actionpack (4.1.6) lib/action_dispatch/middleware/reloader.rb:73:in `call'
  actionpack (4.1.6) lib/action_dispatch/middleware/remote_ip.rb:76:in `call'
  actionpack (4.1.6) lib/action_dispatch/middleware/debug_exceptions.rb:17:in `call'
  actionpack (4.1.6) lib/action_dispatch/middleware/show_exceptions.rb:30:in `call'
  railties (4.1.6) lib/rails/rack/logger.rb:38:in `call_app'
  railties (4.1.6) lib/rails/rack/logger.rb:20:in `block in call'
  activesupport (4.1.6) lib/active_support/tagged_logging.rb:68:in `block in tagged'
  activesupport (4.1.6) lib/active_support/tagged_logging.rb:26:in `tagged'
  activesupport (4.1.6) lib/active_support/tagged_logging.rb:68:in `tagged'
  railties (4.1.6) lib/rails/rack/logger.rb:20:in `call'
  actionpack (4.1.6) lib/action_dispatch/middleware/request_id.rb:21:in `call'
  rack (1.5.2) lib/rack/methodoverride.rb:21:in `call'
  rack (1.5.2) lib/rack/runtime.rb:17:in `call'
  activesupport (4.1.6) lib/active_support/cache/strategy/local_cache_middleware.rb:26:in `call'
  rack (1.5.2) lib/rack/lock.rb:17:in `call'
  actionpack (4.1.6) lib/action_dispatch/middleware/static.rb:64:in `call'
  rack (1.5.2) lib/rack/sendfile.rb:112:in `call'
  railties (4.1.6) lib/rails/engine.rb:514:in `call'
  railties (4.1.6) lib/rails/application.rb:144:in `call'
  rack (1.5.2) lib/rack/lock.rb:17:in `call'
  rack (1.5.2) lib/rack/content_length.rb:14:in `call'
  rack (1.5.2) lib/rack/handler/webrick.rb:60:in `service'
  /opt/rubies/2.0.0-p481/lib/ruby/2.0.0/webrick/httpserver.rb:138:in `service'
  /opt/rubies/2.0.0-p481/lib/ruby/2.0.0/webrick/httpserver.rb:94:in `run'
  /opt/rubies/2.0.0-p481/lib/ruby/2.0.0/webrick/server.rb:295:in `block in start_thread'


  Rendered /opt/rubies/2.0.0-p481/lib/ruby/gems/2.0.0/gems/actionpack-4.1.6/lib/action_dispatch/middleware/templates/rescues/_source.erb (0.4ms)
  Rendered /opt/rubies/2.0.0-p481/lib/ruby/gems/2.0.0/gems/actionpack-4.1.6/lib/action_dispatch/middleware/templates/rescues/_trace.html.erb (0.7ms)
  Rendered /opt/rubies/2.0.0-p481/lib/ruby/gems/2.0.0/gems/actionpack-4.1.6/lib/action_dispatch/middleware/templates/rescues/_request_and_response.html.erb (0.7ms)
  Rendered /opt/rubies/2.0.0-p481/lib/ruby/gems/2.0.0/gems/actionpack-4.1.6/lib/action_dispatch/middleware/templates/rescues/diagnostics.erb within rescues/layout (9.4ms)


Started GET "/" for 127.0.0.1 at 2014-10-04 22:51:55 -0300
  [1m[35mActiveRecord::SchemaMigration Load (0.1ms)[0m  SELECT "schema_migrations".* FROM "schema_migrations"

ActiveRecord::PendingMigrationError (

Migrations are pending. To resolve this issue, run:

	bin/rake db:migrate RAILS_ENV=development

):
  activerecord (4.1.6) lib/active_record/migration.rb:389:in `check_pending!'
  activerecord (4.1.6) lib/active_record/migration.rb:377:in `call'
  actionpack (4.1.6) lib/action_dispatch/middleware/callbacks.rb:29:in `block in call'
  activesupport (4.1.6) lib/active_support/callbacks.rb:82:in `run_callbacks'
  actionpack (4.1.6) lib/action_dispatch/middleware/callbacks.rb:27:in `call'
  actionpack (4.1.6) lib/action_dispatch/middleware/reloader.rb:73:in `call'
  actionpack (4.1.6) lib/action_dispatch/middleware/remote_ip.rb:76:in `call'
  actionpack (4.1.6) lib/action_dispatch/middleware/debug_exceptions.rb:17:in `call'
  actionpack (4.1.6) lib/action_dispatch/middleware/show_exceptions.rb:30:in `call'
  railties (4.1.6) lib/rails/rack/logger.rb:38:in `call_app'
  railties (4.1.6) lib/rails/rack/logger.rb:20:in `block in call'
  activesupport (4.1.6) lib/active_support/tagged_logging.rb:68:in `block in tagged'
  activesupport (4.1.6) lib/active_support/tagged_logging.rb:26:in `tagged'
  activesupport (4.1.6) lib/active_support/tagged_logging.rb:68:in `tagged'
  railties (4.1.6) lib/rails/rack/logger.rb:20:in `call'
  actionpack (4.1.6) lib/action_dispatch/middleware/request_id.rb:21:in `call'
  rack (1.5.2) lib/rack/methodoverride.rb:21:in `call'
  rack (1.5.2) lib/rack/runtime.rb:17:in `call'
  activesupport (4.1.6) lib/active_support/cache/strategy/local_cache_middleware.rb:26:in `call'
  rack (1.5.2) lib/rack/lock.rb:17:in `call'
  actionpack (4.1.6) lib/action_dispatch/middleware/static.rb:64:in `call'
  rack (1.5.2) lib/rack/sendfile.rb:112:in `call'
  railties (4.1.6) lib/rails/engine.rb:514:in `call'
  railties (4.1.6) lib/rails/application.rb:144:in `call'
  rack (1.5.2) lib/rack/lock.rb:17:in `call'
  rack (1.5.2) lib/rack/content_length.rb:14:in `call'
  rack (1.5.2) lib/rack/handler/webrick.rb:60:in `service'
  /opt/rubies/2.0.0-p481/lib/ruby/2.0.0/webrick/httpserver.rb:138:in `service'
  /opt/rubies/2.0.0-p481/lib/ruby/2.0.0/webrick/httpserver.rb:94:in `run'
  /opt/rubies/2.0.0-p481/lib/ruby/2.0.0/webrick/server.rb:295:in `block in start_thread'


  Rendered /opt/rubies/2.0.0-p481/lib/ruby/gems/2.0.0/gems/actionpack-4.1.6/lib/action_dispatch/middleware/templates/rescues/_source.erb (0.4ms)
  Rendered /opt/rubies/2.0.0-p481/lib/ruby/gems/2.0.0/gems/actionpack-4.1.6/lib/action_dispatch/middleware/templates/rescues/_trace.html.erb (0.7ms)
  Rendered /opt/rubies/2.0.0-p481/lib/ruby/gems/2.0.0/gems/actionpack-4.1.6/lib/action_dispatch/middleware/templates/rescues/_request_and_response.html.erb (0.7ms)
  Rendered /opt/rubies/2.0.0-p481/lib/ruby/gems/2.0.0/gems/actionpack-4.1.6/lib/action_dispatch/middleware/templates/rescues/diagnostics.erb within rescues/layout (9.0ms)
  [1m[36mActiveRecord::SchemaMigration Load (0.1ms)[0m  [1mSELECT "schema_migrations".* FROM "schema_migrations"[0m
Migrating to CreateTickets (20141005015047)
  [1m[35m (0.1ms)[0m  begin transaction
  [1m[36m (0.3ms)[0m  [1mCREATE TABLE "tickets" ("id" INTEGER PRIMARY KEY AUTOINCREMENT NOT NULL, "amount" integer, "created_at" datetime, "updated_at" datetime) [0m
  [1m[35mSQL (0.1ms)[0m  INSERT INTO "schema_migrations" ("version") VALUES (?)  [["version", "20141005015047"]]
  [1m[36m (0.5ms)[0m  [1mcommit transaction[0m
Migrating to CreatePuntoPagosRailsTransactions (20141005015048)
  [1m[35m (0.0ms)[0m  begin transaction
  [1m[36m (0.1ms)[0m  [1mCREATE TABLE "punto_pagos_rails_transactions" ("id" INTEGER PRIMARY KEY AUTOINCREMENT NOT NULL, "resource_id" integer, "token" varchar(255), "amount" integer, "error" varchar(255), "state" varchar(255), "created_at" datetime, "updated_at" datetime) [0m
SQLite3::SQLException: table "punto_pagos_rails_transactions" already exists: CREATE TABLE "punto_pagos_rails_transactions" ("id" INTEGER PRIMARY KEY AUTOINCREMENT NOT NULL, "resource_id" integer, "token" varchar(255), "amount" integer, "error" varchar(255), "state" varchar(255), "created_at" datetime, "updated_at" datetime) 
  [1m[35m (0.0ms)[0m  rollback transaction
  [1m[36m (1.7ms)[0m  [1mCREATE TABLE "schema_migrations" ("version" varchar(255) NOT NULL) [0m
  [1m[35m (0.1ms)[0m  select sqlite_version(*)
  [1m[36m (0.7ms)[0m  [1mCREATE UNIQUE INDEX "unique_schema_migrations" ON "schema_migrations" ("version")[0m
  [1m[35mActiveRecord::SchemaMigration Load (0.1ms)[0m  SELECT "schema_migrations".* FROM "schema_migrations"
Migrating to CreateTickets (20141005015047)
  [1m[36m (0.0ms)[0m  [1mbegin transaction[0m
  [1m[35m (0.3ms)[0m  CREATE TABLE "tickets" ("id" INTEGER PRIMARY KEY AUTOINCREMENT NOT NULL, "amount" integer, "created_at" datetime, "updated_at" datetime) 
  [1m[36mSQL (0.1ms)[0m  [1mINSERT INTO "schema_migrations" ("version") VALUES (?)[0m  [["version", "20141005015047"]]
  [1m[35m (0.6ms)[0m  commit transaction
Migrating to CreatePuntoPagosRailsTransactions (20141005015048)
  [1m[36m (0.0ms)[0m  [1mbegin transaction[0m
  [1m[35m (0.2ms)[0m  CREATE TABLE "punto_pagos_rails_transactions" ("id" INTEGER PRIMARY KEY AUTOINCREMENT NOT NULL, "resource_id" integer, "token" varchar(255), "amount" integer, "error" varchar(255), "state" varchar(255), "created_at" datetime, "updated_at" datetime) 
  [1m[36mSQL (0.1ms)[0m  [1mINSERT INTO "schema_migrations" ("version") VALUES (?)[0m  [["version", "20141005015048"]]
  [1m[35m (0.6ms)[0m  commit transaction
  [1m[36mActiveRecord::SchemaMigration Load (0.1ms)[0m  [1mSELECT "schema_migrations".* FROM "schema_migrations"[0m


Started GET "/" for 127.0.0.1 at 2014-10-04 22:53:00 -0300
  [1m[36mActiveRecord::SchemaMigration Load (0.1ms)[0m  [1mSELECT "schema_migrations".* FROM "schema_migrations"[0m
Processing by Rails::WelcomeController#index as HTML
  Rendered /opt/rubies/2.0.0-p481/lib/ruby/gems/2.0.0/gems/railties-4.1.6/lib/rails/templates/rails/welcome/index.html.erb (1.2ms)
Completed 200 OK in 5ms (Views: 5.0ms | ActiveRecord: 0.0ms)


Started GET "/" for 127.0.0.1 at 2014-10-04 22:53:02 -0300
Processing by Rails::WelcomeController#index as HTML
  Rendered /opt/rubies/2.0.0-p481/lib/ruby/gems/2.0.0/gems/railties-4.1.6/lib/rails/templates/rails/welcome/index.html.erb (0.0ms)
Completed 200 OK in 1ms (Views: 0.8ms | ActiveRecord: 0.0ms)
  [1m[36m (0.1ms)[0m  [1mbegin transaction[0m
  [1m[35mSQL (0.5ms)[0m  INSERT INTO "punto_pagos_rails_transactions" ("created_at", "updated_at") VALUES (?, ?)  [["created_at", "2014-10-05 01:53:29.054764"], ["updated_at", "2014-10-05 01:53:29.054764"]]
  [1m[36m (0.7ms)[0m  [1mcommit transaction[0m
  [1m[35m (0.1ms)[0m  begin transaction
  [1m[36mSQL (0.3ms)[0m  [1mINSERT INTO "punto_pagos_rails_transactions" ("created_at", "updated_at") VALUES (?, ?)[0m  [["created_at", "2014-10-05 01:53:33.516269"], ["updated_at", "2014-10-05 01:53:33.516269"]]
  [1m[35m (1.4ms)[0m  commit transaction
  [1m[36m (0.0ms)[0m  [1mbegin transaction[0m
  [1m[35mSQL (0.3ms)[0m  INSERT INTO "tickets" ("created_at", "updated_at") VALUES (?, ?)  [["created_at", "2014-10-05 01:57:29.923826"], ["updated_at", "2014-10-05 01:57:29.923826"]]
  [1m[36m (1.2ms)[0m  [1mcommit transaction[0m
  [1m[36mTicket Load (0.1ms)[0m  [1mSELECT  "tickets".* FROM "tickets"   ORDER BY "tickets"."id" DESC LIMIT 1[0m
  [1m[35mPuntoPagosRails::Transaction Load (0.1ms)[0m  SELECT  "punto_pagos_rails_transactions".* FROM "punto_pagos_rails_transactions"   ORDER BY "punto_pagos_rails_transactions"."id" ASC LIMIT 1
  [1m[36mPuntoPagosRails::Transaction Load (0.2ms)[0m  [1mSELECT  "punto_pagos_rails_transactions".* FROM "punto_pagos_rails_transactions"   ORDER BY "punto_pagos_rails_transactions"."id" ASC LIMIT 1[0m
  [1m[35mPuntoPagosRails::Transaction Load (0.2ms)[0m  SELECT  "punto_pagos_rails_transactions".* FROM "punto_pagos_rails_transactions"   ORDER BY "punto_pagos_rails_transactions"."id" ASC LIMIT 1
  [1m[36mPuntoPagosRails::Transaction Load (0.1ms)[0m  [1mSELECT  "punto_pagos_rails_transactions".* FROM "punto_pagos_rails_transactions"   ORDER BY "punto_pagos_rails_transactions"."id" DESC LIMIT 1[0m
SQLite3::SQLException: no such table: punto_pagos_rails_transactions: SELECT  "punto_pagos_rails_transactions".* FROM "punto_pagos_rails_transactions"   ORDER BY "punto_pagos_rails_transactions"."id" DESC LIMIT 1
  [1m[36m (1.8ms)[0m  [1mCREATE TABLE "schema_migrations" ("version" varchar(255) NOT NULL) [0m
  [1m[35m (0.1ms)[0m  select sqlite_version(*)
  [1m[36m (0.8ms)[0m  [1mCREATE UNIQUE INDEX "unique_schema_migrations" ON "schema_migrations" ("version")[0m
  [1m[35mActiveRecord::SchemaMigration Load (0.1ms)[0m  SELECT "schema_migrations".* FROM "schema_migrations"
Migrating to CreateTickets (20141005031233)
  [1m[36m (0.0ms)[0m  [1mbegin transaction[0m
  [1m[35m (0.3ms)[0m  CREATE TABLE "tickets" ("id" INTEGER PRIMARY KEY AUTOINCREMENT NOT NULL, "amount" integer, "created_at" datetime, "updated_at" datetime) 
  [1m[36mSQL (0.1ms)[0m  [1mINSERT INTO "schema_migrations" ("version") VALUES (?)[0m  [["version", "20141005031233"]]
  [1m[35m (0.5ms)[0m  commit transaction
Migrating to CreatePuntoPagosRailsTransactions (20141005031234)
  [1m[36m (0.1ms)[0m  [1mbegin transaction[0m
  [1m[35m (0.2ms)[0m  CREATE TABLE "punto_pagos_rails_transactions" ("id" INTEGER PRIMARY KEY AUTOINCREMENT NOT NULL, "resource_id" integer, "token" varchar(255), "amount" integer, "error" varchar(255), "state" varchar(255), "created_at" datetime, "updated_at" datetime) 
  [1m[36mSQL (0.1ms)[0m  [1mINSERT INTO "schema_migrations" ("version") VALUES (?)[0m  [["version", "20141005031234"]]
  [1m[35m (0.6ms)[0m  commit transaction
  [1m[36mActiveRecord::SchemaMigration Load (0.1ms)[0m  [1mSELECT "schema_migrations".* FROM "schema_migrations"[0m
  [1m[36mPuntoPagosRails::Transaction Load (0.1ms)[0m  [1mSELECT  "punto_pagos_rails_transactions".* FROM "punto_pagos_rails_transactions"   ORDER BY "punto_pagos_rails_transactions"."id" DESC LIMIT 1[0m
  [1m[36m (0.0ms)[0m  [1mbegin transaction[0m
  [1m[35mSQL (0.3ms)[0m  INSERT INTO "tickets" ("created_at", "updated_at") VALUES (?, ?)  [["created_at", "2014-10-05 03:14:20.937577"], ["updated_at", "2014-10-05 03:14:20.937577"]]
  [1m[36m (0.6ms)[0m  [1mcommit transaction[0m
  [1m[35mPuntoPagosRails::Transaction Load (0.2ms)[0m  SELECT "punto_pagos_rails_transactions".* FROM "punto_pagos_rails_transactions"  WHERE "punto_pagos_rails_transactions"."ticket_id" = ?  [[nil, 1]]
SQLite3::SQLException: no such column: punto_pagos_rails_transactions.ticket_id: SELECT "punto_pagos_rails_transactions".* FROM "punto_pagos_rails_transactions"  WHERE "punto_pagos_rails_transactions"."ticket_id" = ?
  [1m[36m (0.0ms)[0m  [1mbegin transaction[0m
  [1m[35mSQL (0.3ms)[0m  INSERT INTO "tickets" ("created_at", "updated_at") VALUES (?, ?)  [["created_at", "2014-10-05 03:16:51.273383"], ["updated_at", "2014-10-05 03:16:51.273383"]]
  [1m[36m (1.3ms)[0m  [1mcommit transaction[0m
  [1m[35mPuntoPagosRails::Transaction Load (0.1ms)[0m  SELECT "punto_pagos_rails_transactions".* FROM "punto_pagos_rails_transactions"  WHERE "punto_pagos_rails_transactions"."resource_id" = ?  [["resource_id", 2]]
  [1m[36mPuntoPagosRails::Transaction Load (0.1ms)[0m  [1mSELECT "punto_pagos_rails_transactions".* FROM "punto_pagos_rails_transactions"  WHERE "punto_pagos_rails_transactions"."resource_id" = ?[0m  [["resource_id", 2]]
  [1m[35m (0.1ms)[0m  begin transaction
  [1m[36mSQL (0.3ms)[0m  [1mINSERT INTO "punto_pagos_rails_transactions" ("created_at", "updated_at") VALUES (?, ?)[0m  [["created_at", "2014-10-05 03:17:24.354001"], ["updated_at", "2014-10-05 03:17:24.354001"]]
  [1m[35m (1.3ms)[0m  commit transaction
  [1m[36m (0.1ms)[0m  [1mbegin transaction[0m
  [1m[35mSQL (0.2ms)[0m  UPDATE "punto_pagos_rails_transactions" SET "resource_id" = ?, "updated_at" = ? WHERE "punto_pagos_rails_transactions"."id" = 1  [["resource_id", 2], ["updated_at", "2014-10-05 03:17:24.361580"]]
  [1m[36m (0.6ms)[0m  [1mcommit transaction[0m
  [1m[35m (0.1ms)[0m  begin transaction
  [1m[36mSQL (0.3ms)[0m  [1mINSERT INTO "punto_pagos_rails_transactions" ("created_at", "updated_at") VALUES (?, ?)[0m  [["created_at", "2014-10-05 03:17:29.201653"], ["updated_at", "2014-10-05 03:17:29.201653"]]
  [1m[35m (1.4ms)[0m  commit transaction
  [1m[36m (0.1ms)[0m  [1mbegin transaction[0m
  [1m[35mSQL (0.2ms)[0m  UPDATE "punto_pagos_rails_transactions" SET "resource_id" = ?, "updated_at" = ? WHERE "punto_pagos_rails_transactions"."id" = 2  [["resource_id", 2], ["updated_at", "2014-10-05 03:17:29.204738"]]
  [1m[36m (0.6ms)[0m  [1mcommit transaction[0m


Started GET "/" for 127.0.0.1 at 2014-10-23 19:56:10 -0300
Processing by Rails::WelcomeController#index as HTML
  Rendered /opt/rubies/2.0.0-p481/lib/ruby/gems/2.0.0/gems/railties-4.1.6/lib/rails/templates/rails/welcome/index.html.erb (1.6ms)
Completed 200 OK in 8ms (Views: 7.2ms | ActiveRecord: 0.0ms)


Started GET "/" for 127.0.0.1 at 2014-10-23 19:56:11 -0300
Processing by Rails::WelcomeController#index as HTML
  Rendered /opt/rubies/2.0.0-p481/lib/ruby/gems/2.0.0/gems/railties-4.1.6/lib/rails/templates/rails/welcome/index.html.erb (0.1ms)
Completed 200 OK in 1ms (Views: 0.8ms | ActiveRecord: 0.0ms)
